--------------------------------------------------------------------------------
CPU name:	Intel(R) Core(TM) i5-7500 CPU @ 3.40GHz
CPU type:	Intel Coffeelake processor
CPU clock:	3.41 GHz
--------------------------------------------------------------------------------
--------------------------------------------------------------------------------
STRUCT,Info,3
CPU name:,Intel(R) Core(TM) i5-7500 CPU @ 3.40GHz,
CPU type:,Intel Coffeelake processor,
CPU clock:,3.40644202 GHz,
TABLE,Region multMatVet_NAO_OTIM,Group 1 Raw,FLOPS_DP,6
Region Info,Core 3,
RDTSC Runtime [s],0.000016,
call count,1,
Event,Counter,Core 3
INSTR_RETIRED_ANY,FIXC0,103637
CPU_CLK_UNHALTED_CORE,FIXC1,71036
CPU_CLK_UNHALTED_REF,FIXC2,65746
FP_ARITH_INST_RETIRED_128B_PACKED_DOUBLE,PMC0,0
FP_ARITH_INST_RETIRED_SCALAR_DOUBLE,PMC1,32778
FP_ARITH_INST_RETIRED_256B_PACKED_DOUBLE,PMC2,0
TABLE,Region multMatVet_NAO_OTIM,Group 1 Metric,FLOPS_DP,9
Metric,Core 3,
Runtime (RDTSC) [s],1.606999e-05,
Runtime unhalted [s],2.085343e-05,
Clock [MHz],3680.5283,
CPI,0.6854,
DP MFLOP/s,2039.7026,
AVX DP MFLOP/s,0,
Packed MUOPS/s,0,
Scalar MUOPS/s,2039.7026,
Vectorization ratio,0,
STRUCT,Info,3
CPU name:,Intel(R) Core(TM) i5-7500 CPU @ 3.40GHz,
CPU type:,Intel Coffeelake processor,
CPU clock:,3.40644202 GHz,
TABLE,Region multMatMat_NAO_OTIM,Group 1 Raw,FLOPS_DP,6
Region Info,Core 3,
RDTSC Runtime [s],0.002164,
call count,1,
Event,Counter,Core 3
INSTR_RETIRED_ANY,FIXC0,14865270
CPU_CLK_UNHALTED_CORE,FIXC1,7714340
CPU_CLK_UNHALTED_REF,FIXC2,7126412
FP_ARITH_INST_RETIRED_128B_PACKED_DOUBLE,PMC0,0
FP_ARITH_INST_RETIRED_SCALAR_DOUBLE,PMC1,4194314
FP_ARITH_INST_RETIRED_256B_PACKED_DOUBLE,PMC2,0
TABLE,Region multMatMat_NAO_OTIM,Group 1 Metric,FLOPS_DP,9
Metric,Core 3,
Runtime (RDTSC) [s],0.0022,
Runtime unhalted [s],0.0023,
Clock [MHz],3687.4730,
CPI,0.5190,
DP MFLOP/s,1937.9120,
AVX DP MFLOP/s,0,
Packed MUOPS/s,0,
Scalar MUOPS/s,1937.9120,
Vectorization ratio,0,
