--------------------------------------------------------------------------------
CPU name:	Intel(R) Core(TM) i5-7500 CPU @ 3.40GHz
CPU type:	Intel Coffeelake processor
CPU clock:	3.41 GHz
--------------------------------------------------------------------------------
--------------------------------------------------------------------------------
STRUCT,Info,3
CPU name:,Intel(R) Core(TM) i5-7500 CPU @ 3.40GHz,
CPU type:,Intel Coffeelake processor,
CPU clock:,3.406466478 GHz,
TABLE,Region multMatVet_NAO_OTIM,Group 1 Raw,L2CACHE,5
Region Info,Core 3,
RDTSC Runtime [s],0.000015,
call count,1,
Event,Counter,Core 3
INSTR_RETIRED_ANY,FIXC0,103547
CPU_CLK_UNHALTED_CORE,FIXC1,69465
CPU_CLK_UNHALTED_REF,FIXC2,62480
L2_TRANS_ALL_REQUESTS,PMC0,10317
L2_RQSTS_MISS,PMC1,3754
TABLE,Region multMatVet_NAO_OTIM,Group 1 Metric,L2CACHE,7
Metric,Core 3,
Runtime (RDTSC) [s],1.510340e-05,
Runtime unhalted [s],2.039210e-05,
Clock [MHz],3787.2950,
CPI,0.6709,
L2 request rate,0.0996,
L2 miss rate,0.0363,
L2 miss ratio,0.3639,
STRUCT,Info,3
CPU name:,Intel(R) Core(TM) i5-7500 CPU @ 3.40GHz,
CPU type:,Intel Coffeelake processor,
CPU clock:,3.406466478 GHz,
TABLE,Region multMatMat_NAO_OTIM,Group 1 Raw,L2CACHE,5
Region Info,Core 3,
RDTSC Runtime [s],0.001923,
call count,1,
Event,Counter,Core 3
INSTR_RETIRED_ANY,FIXC0,14865180
CPU_CLK_UNHALTED_CORE,FIXC1,7207796
CPU_CLK_UNHALTED_REF,FIXC2,6481590
L2_TRANS_ALL_REQUESTS,PMC0,2974234
L2_RQSTS_MISS,PMC1,16789
TABLE,Region multMatMat_NAO_OTIM,Group 1 Metric,L2CACHE,7
Metric,Core 3,
Runtime (RDTSC) [s],0.0019,
Runtime unhalted [s],0.0021,
Clock [MHz],3788.1315,
CPI,0.4849,
L2 request rate,0.2001,
L2 miss rate,0.0011,
L2 miss ratio,0.0056,
