--------------------------------------------------------------------------------
CPU name:	Intel(R) Core(TM) i5-7500 CPU @ 3.40GHz
CPU type:	Intel Coffeelake processor
CPU clock:	3.41 GHz
--------------------------------------------------------------------------------
--------------------------------------------------------------------------------
STRUCT,Info,3
CPU name:,Intel(R) Core(TM) i5-7500 CPU @ 3.40GHz,
CPU type:,Intel Coffeelake processor,
CPU clock:,3.407479869 GHz,
TABLE,Region multMatVet_NAO_OTIM,Group 1 Raw,FLOPS_DP,6
Region Info,Core 3,
RDTSC Runtime [s],0.000015,
call count,1,
Event,Counter,Core 3
INSTR_RETIRED_ANY,FIXC0,103637
CPU_CLK_UNHALTED_CORE,FIXC1,68958
CPU_CLK_UNHALTED_REF,FIXC2,61770
FP_ARITH_INST_RETIRED_128B_PACKED_DOUBLE,PMC0,0
FP_ARITH_INST_RETIRED_SCALAR_DOUBLE,PMC1,32778
FP_ARITH_INST_RETIRED_256B_PACKED_DOUBLE,PMC2,0
TABLE,Region multMatVet_NAO_OTIM,Group 1 Metric,FLOPS_DP,9
Metric,Core 3,
Runtime (RDTSC) [s],1.511318e-05,
Runtime unhalted [s],2.023724e-05,
Clock [MHz],3803.9987,
CPI,0.6654,
DP MFLOP/s,2168.8354,
AVX DP MFLOP/s,0,
Packed MUOPS/s,0,
Scalar MUOPS/s,2168.8354,
Vectorization ratio,0,
STRUCT,Info,3
CPU name:,Intel(R) Core(TM) i5-7500 CPU @ 3.40GHz,
CPU type:,Intel Coffeelake processor,
CPU clock:,3.407479869 GHz,
TABLE,Region multMatMat_NAO_OTIM,Group 1 Raw,FLOPS_DP,6
Region Info,Core 3,
RDTSC Runtime [s],0.002024,
call count,1,
Event,Counter,Core 3
INSTR_RETIRED_ANY,FIXC0,14865270
CPU_CLK_UNHALTED_CORE,FIXC1,7456362
CPU_CLK_UNHALTED_REF,FIXC2,6705808
FP_ARITH_INST_RETIRED_128B_PACKED_DOUBLE,PMC0,0
FP_ARITH_INST_RETIRED_SCALAR_DOUBLE,PMC1,4194314
FP_ARITH_INST_RETIRED_256B_PACKED_DOUBLE,PMC2,0
TABLE,Region multMatMat_NAO_OTIM,Group 1 Metric,FLOPS_DP,9
Metric,Core 3,
Runtime (RDTSC) [s],0.0020,
Runtime unhalted [s],0.0022,
Clock [MHz],3788.8653,
CPI,0.5016,
DP MFLOP/s,2072.3131,
AVX DP MFLOP/s,0,
Packed MUOPS/s,0,
Scalar MUOPS/s,2072.3131,
Vectorization ratio,0,
