--------------------------------------------------------------------------------
CPU name:	Intel(R) Core(TM) i5-7500 CPU @ 3.40GHz
CPU type:	Intel Coffeelake processor
CPU clock:	3.41 GHz
--------------------------------------------------------------------------------
--------------------------------------------------------------------------------
STRUCT,Info,3
CPU name:,Intel(R) Core(TM) i5-7500 CPU @ 3.40GHz,
CPU type:,Intel Coffeelake processor,
CPU clock:,3.408037843 GHz,
TABLE,Region multMatVet_NAO_OTIM,Group 1 Raw,L3,5
Region Info,Core 3,
RDTSC Runtime [s],0.000016,
call count,1,
Event,Counter,Core 3
INSTR_RETIRED_ANY,FIXC0,103547
CPU_CLK_UNHALTED_CORE,FIXC1,72327
CPU_CLK_UNHALTED_REF,FIXC2,64610
L2_LINES_IN_ALL,PMC0,3122
L2_TRANS_L2_WB,PMC1,314
TABLE,Region multMatVet_NAO_OTIM,Group 1 Metric,L3,10
Metric,Core 3,
Runtime (RDTSC) [s],1.564637e-05,
Runtime unhalted [s],2.122248e-05,
Clock [MHz],3815.0929,
CPI,0.6985,
L3 load bandwidth [MBytes/s],12770.2464,
L3 load data volume [GBytes],0.0002,
L3 evict bandwidth [MBytes/s],1284.3874,
L3 evict data volume [GBytes],2.009600e-05,
L3 bandwidth [MBytes/s],14054.6338,
L3 data volume [GBytes],0.0002,
STRUCT,Info,3
CPU name:,Intel(R) Core(TM) i5-7500 CPU @ 3.40GHz,
CPU type:,Intel Coffeelake processor,
CPU clock:,3.408037843 GHz,
TABLE,Region multMatMat_NAO_OTIM,Group 1 Raw,L3,5
Region Info,Core 3,
RDTSC Runtime [s],0.002033,
call count,1,
Event,Counter,Core 3
INSTR_RETIRED_ANY,FIXC0,14865180
CPU_CLK_UNHALTED_CORE,FIXC1,7716020
CPU_CLK_UNHALTED_REF,FIXC2,6936132
L2_LINES_IN_ALL,PMC0,404801
L2_TRANS_L2_WB,PMC1,2316
TABLE,Region multMatMat_NAO_OTIM,Group 1 Metric,L3,10
Metric,Core 3,
Runtime (RDTSC) [s],0.0020,
Runtime unhalted [s],0.0023,
Clock [MHz],3791.2324,
CPI,0.5191,
L3 load bandwidth [MBytes/s],12744.5450,
L3 load data volume [GBytes],0.0259,
L3 evict bandwidth [MBytes/s],72.9157,
L3 evict data volume [GBytes],0.0001,
L3 bandwidth [MBytes/s],12817.4607,
L3 data volume [GBytes],0.0261,
