--------------------------------------------------------------------------------
CPU name:	Intel(R) Core(TM) i5-7500 CPU @ 3.40GHz
CPU type:	Intel Coffeelake processor
CPU clock:	3.41 GHz
--------------------------------------------------------------------------------
--------------------------------------------------------------------------------
STRUCT,Info,3
CPU name:,Intel(R) Core(TM) i5-7500 CPU @ 3.40GHz,
CPU type:,Intel Coffeelake processor,
CPU clock:,3.408027455 GHz,
TABLE,Region multMatVet_NAO_OTIM,Group 1 Raw,L2CACHE,5
Region Info,Core 3,
RDTSC Runtime [s],0.000015,
call count,1,
Event,Counter,Core 3
INSTR_RETIRED_ANY,FIXC0,103547
CPU_CLK_UNHALTED_CORE,FIXC1,69541
CPU_CLK_UNHALTED_REF,FIXC2,62196
L2_TRANS_ALL_REQUESTS,PMC0,10156
L2_RQSTS_MISS,PMC1,3670
TABLE,Region multMatVet_NAO_OTIM,Group 1 Metric,L2CACHE,7
Metric,Core 3,
Runtime (RDTSC) [s],1.510726e-05,
Runtime unhalted [s],2.040506e-05,
Clock [MHz],3810.4965,
CPI,0.6716,
L2 request rate,0.0981,
L2 miss rate,0.0354,
L2 miss ratio,0.3614,
STRUCT,Info,3
CPU name:,Intel(R) Core(TM) i5-7500 CPU @ 3.40GHz,
CPU type:,Intel Coffeelake processor,
CPU clock:,3.408027455 GHz,
TABLE,Region multMatMat_NAO_OTIM,Group 1 Raw,L2CACHE,5
Region Info,Core 3,
RDTSC Runtime [s],0.002147,
call count,1,
Event,Counter,Core 3
INSTR_RETIRED_ANY,FIXC0,14865190
CPU_CLK_UNHALTED_CORE,FIXC1,7815061
CPU_CLK_UNHALTED_REF,FIXC2,7201246
L2_TRANS_ALL_REQUESTS,PMC0,5197547
L2_RQSTS_MISS,PMC1,1215128
TABLE,Region multMatMat_NAO_OTIM,Group 1 Metric,L2CACHE,7
Metric,Core 3,
Runtime (RDTSC) [s],0.0021,
Runtime unhalted [s],0.0023,
Clock [MHz],3698.5186,
CPI,0.5257,
L2 request rate,0.3496,
L2 miss rate,0.0817,
L2 miss ratio,0.2338,
