--------------------------------------------------------------------------------
CPU name:	Intel(R) Core(TM) i5-7500 CPU @ 3.40GHz
CPU type:	Intel Coffeelake processor
CPU clock:	3.41 GHz
--------------------------------------------------------------------------------
--------------------------------------------------------------------------------
STRUCT,Info,3
CPU name:,Intel(R) Core(TM) i5-7500 CPU @ 3.40GHz,
CPU type:,Intel Coffeelake processor,
CPU clock:,3.408038703 GHz,
TABLE,Region multMatVet_NAO_OTIM,Group 1 Raw,FLOPS_DP,6
Region Info,Core 3,
RDTSC Runtime [s],0.000015,
call count,1,
Event,Counter,Core 3
INSTR_RETIRED_ANY,FIXC0,103637
CPU_CLK_UNHALTED_CORE,FIXC1,69052
CPU_CLK_UNHALTED_REF,FIXC2,62480
FP_ARITH_INST_RETIRED_128B_PACKED_DOUBLE,PMC0,0
FP_ARITH_INST_RETIRED_SCALAR_DOUBLE,PMC1,32778
FP_ARITH_INST_RETIRED_256B_PACKED_DOUBLE,PMC2,0
TABLE,Region multMatVet_NAO_OTIM,Group 1 Metric,FLOPS_DP,9
Metric,Core 3,
Runtime (RDTSC) [s],1.505151e-05,
Runtime unhalted [s],2.026151e-05,
Clock [MHz],3766.5155,
CPI,0.6663,
DP MFLOP/s,2177.7217,
AVX DP MFLOP/s,0,
Packed MUOPS/s,0,
Scalar MUOPS/s,2177.7217,
Vectorization ratio,0,
STRUCT,Info,3
CPU name:,Intel(R) Core(TM) i5-7500 CPU @ 3.40GHz,
CPU type:,Intel Coffeelake processor,
CPU clock:,3.408038703 GHz,
TABLE,Region multMatMat_NAO_OTIM,Group 1 Raw,FLOPS_DP,6
Region Info,Core 3,
RDTSC Runtime [s],0.002061,
call count,1,
Event,Counter,Core 3
INSTR_RETIRED_ANY,FIXC0,14865270
CPU_CLK_UNHALTED_CORE,FIXC1,7651293
CPU_CLK_UNHALTED_REF,FIXC2,6881320
FP_ARITH_INST_RETIRED_128B_PACKED_DOUBLE,PMC0,0
FP_ARITH_INST_RETIRED_SCALAR_DOUBLE,PMC1,4194314
FP_ARITH_INST_RETIRED_256B_PACKED_DOUBLE,PMC2,0
TABLE,Region multMatMat_NAO_OTIM,Group 1 Metric,FLOPS_DP,9
Metric,Core 3,
Runtime (RDTSC) [s],0.0021,
Runtime unhalted [s],0.0022,
Clock [MHz],3789.3751,
CPI,0.5147,
DP MFLOP/s,2035.3100,
AVX DP MFLOP/s,0,
Packed MUOPS/s,0,
Scalar MUOPS/s,2035.3100,
Vectorization ratio,0,
