--------------------------------------------------------------------------------
CPU name:	Intel(R) Core(TM) i5-7500 CPU @ 3.40GHz
CPU type:	Intel Coffeelake processor
CPU clock:	3.41 GHz
--------------------------------------------------------------------------------
--------------------------------------------------------------------------------
STRUCT,Info,3
CPU name:,Intel(R) Core(TM) i5-7500 CPU @ 3.40GHz,
CPU type:,Intel Coffeelake processor,
CPU clock:,3.408006619 GHz,
TABLE,Region multMatVet_NAO_OTIM,Group 1 Raw,FLOPS_DP,6
Region Info,Core 3,
RDTSC Runtime [s],0.000016,
call count,1,
Event,Counter,Core 3
INSTR_RETIRED_ANY,FIXC0,103637
CPU_CLK_UNHALTED_CORE,FIXC1,70692
CPU_CLK_UNHALTED_REF,FIXC2,63474
FP_ARITH_INST_RETIRED_128B_PACKED_DOUBLE,PMC0,0
FP_ARITH_INST_RETIRED_SCALAR_DOUBLE,PMC1,32778
FP_ARITH_INST_RETIRED_256B_PACKED_DOUBLE,PMC2,0
TABLE,Region multMatVet_NAO_OTIM,Group 1 Metric,FLOPS_DP,9
Metric,Core 3,
Runtime (RDTSC) [s],1.558153e-05,
Runtime unhalted [s],2.074292e-05,
Clock [MHz],3795.5510,
CPI,0.6821,
DP MFLOP/s,2103.6445,
AVX DP MFLOP/s,0,
Packed MUOPS/s,0,
Scalar MUOPS/s,2103.6445,
Vectorization ratio,0,
STRUCT,Info,3
CPU name:,Intel(R) Core(TM) i5-7500 CPU @ 3.40GHz,
CPU type:,Intel Coffeelake processor,
CPU clock:,3.408006619 GHz,
TABLE,Region multMatVet_COM_OTIM,Group 1 Raw,FLOPS_DP,6
Region Info,Core 3,
RDTSC Runtime [s],0.000010,
call count,1,
Event,Counter,Core 3
INSTR_RETIRED_ANY,FIXC0,86205
CPU_CLK_UNHALTED_CORE,FIXC1,49300
CPU_CLK_UNHALTED_REF,FIXC2,44304
FP_ARITH_INST_RETIRED_128B_PACKED_DOUBLE,PMC0,0
FP_ARITH_INST_RETIRED_SCALAR_DOUBLE,PMC1,32778
FP_ARITH_INST_RETIRED_256B_PACKED_DOUBLE,PMC2,0
TABLE,Region multMatVet_COM_OTIM,Group 1 Metric,FLOPS_DP,9
Metric,Core 3,
Runtime (RDTSC) [s],1.045185e-05,
Runtime unhalted [s],1.446593e-05,
Clock [MHz],3792.3151,
CPI,0.5719,
DP MFLOP/s,3136.0955,
AVX DP MFLOP/s,0,
Packed MUOPS/s,0,
Scalar MUOPS/s,3136.0955,
Vectorization ratio,0,
STRUCT,Info,3
CPU name:,Intel(R) Core(TM) i5-7500 CPU @ 3.40GHz,
CPU type:,Intel Coffeelake processor,
CPU clock:,3.408006619 GHz,
TABLE,Region multMatMat_NAO_OTIM,Group 1 Raw,FLOPS_DP,6
Region Info,Core 3,
RDTSC Runtime [s],0.001896,
call count,1,
Event,Counter,Core 3
INSTR_RETIRED_ANY,FIXC0,14865290
CPU_CLK_UNHALTED_CORE,FIXC1,7197064
CPU_CLK_UNHALTED_REF,FIXC2,6469520
FP_ARITH_INST_RETIRED_128B_PACKED_DOUBLE,PMC0,0
FP_ARITH_INST_RETIRED_SCALAR_DOUBLE,PMC1,4194314
FP_ARITH_INST_RETIRED_256B_PACKED_DOUBLE,PMC2,0
TABLE,Region multMatMat_NAO_OTIM,Group 1 Metric,FLOPS_DP,9
Metric,Core 3,
Runtime (RDTSC) [s],0.0019,
Runtime unhalted [s],0.0021,
Clock [MHz],3791.2614,
CPI,0.4842,
DP MFLOP/s,2212.4943,
AVX DP MFLOP/s,0,
Packed MUOPS/s,0,
Scalar MUOPS/s,2212.4943,
Vectorization ratio,0,
STRUCT,Info,3
CPU name:,Intel(R) Core(TM) i5-7500 CPU @ 3.40GHz,
CPU type:,Intel Coffeelake processor,
CPU clock:,3.408006619 GHz,
TABLE,Region multMatMat_COM_OTIM,Group 1 Raw,FLOPS_DP,6
Region Info,Core 3,
RDTSC Runtime [s],0.001961,
call count,1,
Event,Counter,Core 3
INSTR_RETIRED_ANY,FIXC0,14865270
CPU_CLK_UNHALTED_CORE,FIXC1,7210949
CPU_CLK_UNHALTED_REF,FIXC2,6495506
FP_ARITH_INST_RETIRED_128B_PACKED_DOUBLE,PMC0,0
FP_ARITH_INST_RETIRED_SCALAR_DOUBLE,PMC1,4194314
FP_ARITH_INST_RETIRED_256B_PACKED_DOUBLE,PMC2,0
TABLE,Region multMatMat_COM_OTIM,Group 1 Metric,FLOPS_DP,9
Metric,Core 3,
Runtime (RDTSC) [s],0.0020,
Runtime unhalted [s],0.0021,
Clock [MHz],3783.3791,
CPI,0.4851,
DP MFLOP/s,2139.0361,
AVX DP MFLOP/s,0,
Packed MUOPS/s,0,
Scalar MUOPS/s,2139.0361,
Vectorization ratio,0,
