--------------------------------------------------------------------------------
CPU name:	Intel(R) Core(TM) i5-7500 CPU @ 3.40GHz
CPU type:	Intel Coffeelake processor
CPU clock:	3.41 GHz
--------------------------------------------------------------------------------
--------------------------------------------------------------------------------
STRUCT,Info,3
CPU name:,Intel(R) Core(TM) i5-7500 CPU @ 3.40GHz,
CPU type:,Intel Coffeelake processor,
CPU clock:,3.406570125 GHz,
TABLE,Region multMatVet_NAO_OTIM,Group 1 Raw,L2CACHE,5
Region Info,Core 3,
RDTSC Runtime [s],0.000017,
call count,1,
Event,Counter,Core 3
INSTR_RETIRED_ANY,FIXC0,103547
CPU_CLK_UNHALTED_CORE,FIXC1,78199
CPU_CLK_UNHALTED_REF,FIXC2,72562
L2_TRANS_ALL_REQUESTS,PMC0,11245
L2_RQSTS_MISS,PMC1,3781
TABLE,Region multMatVet_NAO_OTIM,Group 1 Metric,L2CACHE,7
Metric,Core 3,
Runtime (RDTSC) [s],1.720708e-05,
Runtime unhalted [s],2.295535e-05,
Clock [MHz],3671.2105,
CPI,0.7552,
L2 request rate,0.1086,
L2 miss rate,0.0365,
L2 miss ratio,0.3362,
STRUCT,Info,3
CPU name:,Intel(R) Core(TM) i5-7500 CPU @ 3.40GHz,
CPU type:,Intel Coffeelake processor,
CPU clock:,3.406570125 GHz,
TABLE,Region multMatMat_NAO_OTIM,Group 1 Raw,L2CACHE,5
Region Info,Core 3,
RDTSC Runtime [s],0.002227,
call count,1,
Event,Counter,Core 3
INSTR_RETIRED_ANY,FIXC0,14865190
CPU_CLK_UNHALTED_CORE,FIXC1,7941522
CPU_CLK_UNHALTED_REF,FIXC2,7335578
L2_TRANS_ALL_REQUESTS,PMC0,4483881
L2_RQSTS_MISS,PMC1,59359
TABLE,Region multMatMat_NAO_OTIM,Group 1 Metric,L2CACHE,7
Metric,Core 3,
Runtime (RDTSC) [s],0.0022,
Runtime unhalted [s],0.0023,
Clock [MHz],3687.9645,
CPI,0.5342,
L2 request rate,0.3016,
L2 miss rate,0.0040,
L2 miss ratio,0.0132,
