--------------------------------------------------------------------------------
CPU name:	Intel(R) Core(TM) i5-7500 CPU @ 3.40GHz
CPU type:	Intel Coffeelake processor
CPU clock:	3.41 GHz
--------------------------------------------------------------------------------
--------------------------------------------------------------------------------
STRUCT,Info,3
CPU name:,Intel(R) Core(TM) i5-7500 CPU @ 3.40GHz,
CPU type:,Intel Coffeelake processor,
CPU clock:,3.408009022 GHz,
TABLE,Region multMatVet_NAO_OTIM,Group 1 Raw,L2CACHE,5
Region Info,Core 3,
RDTSC Runtime [s],0.000015,
call count,1,
Event,Counter,Core 3
INSTR_RETIRED_ANY,FIXC0,103547
CPU_CLK_UNHALTED_CORE,FIXC1,70386
CPU_CLK_UNHALTED_REF,FIXC2,63190
L2_TRANS_ALL_REQUESTS,PMC0,10594
L2_RQSTS_MISS,PMC1,3869
TABLE,Region multMatVet_NAO_OTIM,Group 1 Metric,L2CACHE,7
Metric,Core 3,
Runtime (RDTSC) [s],1.516309e-05,
Runtime unhalted [s],2.065311e-05,
Clock [MHz],3796.1089,
CPI,0.6797,
L2 request rate,0.1023,
L2 miss rate,0.0374,
L2 miss ratio,0.3652,
STRUCT,Info,3
CPU name:,Intel(R) Core(TM) i5-7500 CPU @ 3.40GHz,
CPU type:,Intel Coffeelake processor,
CPU clock:,3.408009022 GHz,
TABLE,Region multMatVet_COM_OTIM,Group 1 Raw,L2CACHE,5
Region Info,Core 3,
RDTSC Runtime [s],0.000010,
call count,1,
Event,Counter,Core 3
INSTR_RETIRED_ANY,FIXC0,86119
CPU_CLK_UNHALTED_CORE,FIXC1,49210
CPU_CLK_UNHALTED_REF,FIXC2,44020
L2_TRANS_ALL_REQUESTS,PMC0,9481
L2_RQSTS_MISS,PMC1,2573
TABLE,Region multMatVet_COM_OTIM,Group 1 Metric,L2CACHE,7
Metric,Core 3,
Runtime (RDTSC) [s],1.039433e-05,
Runtime unhalted [s],1.443952e-05,
Clock [MHz],3809.8165,
CPI,0.5714,
L2 request rate,0.1101,
L2 miss rate,0.0299,
L2 miss ratio,0.2714,
STRUCT,Info,3
CPU name:,Intel(R) Core(TM) i5-7500 CPU @ 3.40GHz,
CPU type:,Intel Coffeelake processor,
CPU clock:,3.408009022 GHz,
TABLE,Region multMatMat_NAO_OTIM,Group 1 Raw,L2CACHE,5
Region Info,Core 3,
RDTSC Runtime [s],0.001964,
call count,1,
Event,Counter,Core 3
INSTR_RETIRED_ANY,FIXC0,14865190
CPU_CLK_UNHALTED_CORE,FIXC1,7208911
CPU_CLK_UNHALTED_REF,FIXC2,6484430
L2_TRANS_ALL_REQUESTS,PMC0,3411057
L2_RQSTS_MISS,PMC1,13843
TABLE,Region multMatMat_NAO_OTIM,Group 1 Metric,L2CACHE,7
Metric,Core 3,
Runtime (RDTSC) [s],0.0020,
Runtime unhalted [s],0.0021,
Clock [MHz],3788.7731,
CPI,0.4850,
L2 request rate,0.2295,
L2 miss rate,0.0009,
L2 miss ratio,0.0041,
STRUCT,Info,3
CPU name:,Intel(R) Core(TM) i5-7500 CPU @ 3.40GHz,
CPU type:,Intel Coffeelake processor,
CPU clock:,3.408009022 GHz,
TABLE,Region multMatMat_COM_OTIM,Group 1 Raw,L2CACHE,5
Region Info,Core 3,
RDTSC Runtime [s],0.001896,
call count,1,
Event,Counter,Core 3
INSTR_RETIRED_ANY,FIXC0,14865180
CPU_CLK_UNHALTED_CORE,FIXC1,7195969
CPU_CLK_UNHALTED_REF,FIXC2,6468952
L2_TRANS_ALL_REQUESTS,PMC0,2943242
L2_RQSTS_MISS,PMC1,12039
TABLE,Region multMatMat_COM_OTIM,Group 1 Metric,L2CACHE,7
Metric,Core 3,
Runtime (RDTSC) [s],0.0019,
Runtime unhalted [s],0.0021,
Clock [MHz],3791.0201,
CPI,0.4841,
L2 request rate,0.1980,
L2 miss rate,0.0008,
L2 miss ratio,0.0041,
