--------------------------------------------------------------------------------
CPU name:	Intel(R) Core(TM) i5-7500 CPU @ 3.40GHz
CPU type:	Intel Coffeelake processor
CPU clock:	3.41 GHz
--------------------------------------------------------------------------------
--------------------------------------------------------------------------------
STRUCT,Info,3
CPU name:,Intel(R) Core(TM) i5-7500 CPU @ 3.40GHz,
CPU type:,Intel Coffeelake processor,
CPU clock:,3.408013855 GHz,
TABLE,Region multMatVet_NAO_OTIM,Group 1 Raw,L2CACHE,5
Region Info,Core 3,
RDTSC Runtime [s],0.000016,
call count,1,
Event,Counter,Core 3
INSTR_RETIRED_ANY,FIXC0,119932
CPU_CLK_UNHALTED_CORE,FIXC1,71944
CPU_CLK_UNHALTED_REF,FIXC2,64468
L2_TRANS_ALL_REQUESTS,PMC0,9845
L2_RQSTS_MISS,PMC1,3544
TABLE,Region multMatVet_NAO_OTIM,Group 1 Metric,L2CACHE,7
Metric,Core 3,
Runtime (RDTSC) [s],1.592364e-05,
Runtime unhalted [s],2.111024e-05,
Clock [MHz],3803.2225,
CPI,0.5999,
L2 request rate,0.0821,
L2 miss rate,0.0296,
L2 miss ratio,0.3600,
STRUCT,Info,3
CPU name:,Intel(R) Core(TM) i5-7500 CPU @ 3.40GHz,
CPU type:,Intel Coffeelake processor,
CPU clock:,3.408013855 GHz,
TABLE,Region multMatVet_COM_OTIM,Group 1 Raw,L2CACHE,5
Region Info,Core 3,
RDTSC Runtime [s],0.000000,
call count,1,
Event,Counter,Core 3
INSTR_RETIRED_ANY,FIXC0,3602
CPU_CLK_UNHALTED_CORE,FIXC1,8568
CPU_CLK_UNHALTED_REF,FIXC2,8094
L2_TRANS_ALL_REQUESTS,PMC0,1328
L2_RQSTS_MISS,PMC1,326
TABLE,Region multMatVet_COM_OTIM,Group 1 Metric,L2CACHE,7
Metric,Core 3,
Runtime (RDTSC) [s],8.391981e-08,
Runtime unhalted [s],2.514074e-06,
Clock [MHz],3607.5936,
CPI,2.3787,
L2 request rate,0.3687,
L2 miss rate,0.0905,
L2 miss ratio,0.2455,
STRUCT,Info,3
CPU name:,Intel(R) Core(TM) i5-7500 CPU @ 3.40GHz,
CPU type:,Intel Coffeelake processor,
CPU clock:,3.408013855 GHz,
TABLE,Region multMatMat_NAO_OTIM,Group 1 Raw,L2CACHE,5
Region Info,Core 3,
RDTSC Runtime [s],0.002109,
call count,1,
Event,Counter,Core 3
INSTR_RETIRED_ANY,FIXC0,16962340
CPU_CLK_UNHALTED_CORE,FIXC1,8007116
CPU_CLK_UNHALTED_REF,FIXC2,7198122
L2_TRANS_ALL_REQUESTS,PMC0,4125387
L2_RQSTS_MISS,PMC1,415619
TABLE,Region multMatMat_NAO_OTIM,Group 1 Metric,L2CACHE,7
Metric,Core 3,
Runtime (RDTSC) [s],0.0021,
Runtime unhalted [s],0.0023,
Clock [MHz],3791.0391,
CPI,0.4721,
L2 request rate,0.2432,
L2 miss rate,0.0245,
L2 miss ratio,0.1007,
STRUCT,Info,3
CPU name:,Intel(R) Core(TM) i5-7500 CPU @ 3.40GHz,
CPU type:,Intel Coffeelake processor,
CPU clock:,3.408013855 GHz,
TABLE,Region multMatMat_COM_OTIM,Group 1 Raw,L2CACHE,5
Region Info,Core 3,
RDTSC Runtime [s],0.002139,
call count,1,
Event,Counter,Core 3
INSTR_RETIRED_ANY,FIXC0,16962340
CPU_CLK_UNHALTED_CORE,FIXC1,8001651
CPU_CLK_UNHALTED_REF,FIXC2,7194856
L2_TRANS_ALL_REQUESTS,PMC0,4333186
L2_RQSTS_MISS,PMC1,392971
TABLE,Region multMatMat_COM_OTIM,Group 1 Metric,L2CACHE,7
Metric,Core 3,
Runtime (RDTSC) [s],0.0021,
Runtime unhalted [s],0.0023,
Clock [MHz],3790.1714,
CPI,0.4717,
L2 request rate,0.2555,
L2 miss rate,0.0232,
L2 miss ratio,0.0907,
