--------------------------------------------------------------------------------
CPU name:	Intel(R) Core(TM) i5-7500 CPU @ 3.40GHz
CPU type:	Intel Coffeelake processor
CPU clock:	3.41 GHz
--------------------------------------------------------------------------------
--------------------------------------------------------------------------------
STRUCT,Info,3
CPU name:,Intel(R) Core(TM) i5-7500 CPU @ 3.40GHz,
CPU type:,Intel Coffeelake processor,
CPU clock:,3.408014017 GHz,
TABLE,Region multMatVet_NAO_OTIM,Group 1 Raw,L2CACHE,5
Region Info,Core 3,
RDTSC Runtime [s],0.000015,
call count,1,
Event,Counter,Core 3
INSTR_RETIRED_ANY,FIXC0,103547
CPU_CLK_UNHALTED_CORE,FIXC1,69604
CPU_CLK_UNHALTED_REF,FIXC2,62906
L2_TRANS_ALL_REQUESTS,PMC0,10206
L2_RQSTS_MISS,PMC1,3739
TABLE,Region multMatVet_NAO_OTIM,Group 1 Metric,L2CACHE,7
Metric,Core 3,
Runtime (RDTSC) [s],1.505983e-05,
Runtime unhalted [s],2.042362e-05,
Clock [MHz],3770.8868,
CPI,0.6722,
L2 request rate,0.0986,
L2 miss rate,0.0361,
L2 miss ratio,0.3664,
STRUCT,Info,3
CPU name:,Intel(R) Core(TM) i5-7500 CPU @ 3.40GHz,
CPU type:,Intel Coffeelake processor,
CPU clock:,3.408014017 GHz,
TABLE,Region multMatVet_COM_OTIM,Group 1 Raw,L2CACHE,5
Region Info,Core 3,
RDTSC Runtime [s],0.000010,
call count,1,
Event,Counter,Core 3
INSTR_RETIRED_ANY,FIXC0,86119
CPU_CLK_UNHALTED_CORE,FIXC1,49057
CPU_CLK_UNHALTED_REF,FIXC2,43878
L2_TRANS_ALL_REQUESTS,PMC0,9200
L2_RQSTS_MISS,PMC1,2381
TABLE,Region multMatVet_COM_OTIM,Group 1 Metric,L2CACHE,7
Metric,Core 3,
Runtime (RDTSC) [s],1.036618e-05,
Runtime unhalted [s],1.439460e-05,
Clock [MHz],3810.2681,
CPI,0.5696,
L2 request rate,0.1068,
L2 miss rate,0.0276,
L2 miss ratio,0.2588,
STRUCT,Info,3
CPU name:,Intel(R) Core(TM) i5-7500 CPU @ 3.40GHz,
CPU type:,Intel Coffeelake processor,
CPU clock:,3.408014017 GHz,
TABLE,Region multMatMat_NAO_OTIM,Group 1 Raw,L2CACHE,5
Region Info,Core 3,
RDTSC Runtime [s],0.001896,
call count,1,
Event,Counter,Core 3
INSTR_RETIRED_ANY,FIXC0,14865180
CPU_CLK_UNHALTED_CORE,FIXC1,7197832
CPU_CLK_UNHALTED_REF,FIXC2,6470514
L2_TRANS_ALL_REQUESTS,PMC0,3338751
L2_RQSTS_MISS,PMC1,29385
TABLE,Region multMatMat_NAO_OTIM,Group 1 Metric,L2CACHE,7
Metric,Core 3,
Runtime (RDTSC) [s],0.0019,
Runtime unhalted [s],0.0021,
Clock [MHz],3791.0918,
CPI,0.4842,
L2 request rate,0.2246,
L2 miss rate,0.0020,
L2 miss ratio,0.0088,
STRUCT,Info,3
CPU name:,Intel(R) Core(TM) i5-7500 CPU @ 3.40GHz,
CPU type:,Intel Coffeelake processor,
CPU clock:,3.408014017 GHz,
TABLE,Region multMatMat_COM_OTIM,Group 1 Raw,L2CACHE,5
Region Info,Core 3,
RDTSC Runtime [s],0.001928,
call count,1,
Event,Counter,Core 3
INSTR_RETIRED_ANY,FIXC0,14865190
CPU_CLK_UNHALTED_CORE,FIXC1,7202637
CPU_CLK_UNHALTED_REF,FIXC2,6476762
L2_TRANS_ALL_REQUESTS,PMC0,3511576
L2_RQSTS_MISS,PMC1,29256
TABLE,Region multMatMat_COM_OTIM,Group 1 Metric,L2CACHE,7
Metric,Core 3,
Runtime (RDTSC) [s],0.0019,
Runtime unhalted [s],0.0021,
Clock [MHz],3789.9629,
CPI,0.4845,
L2 request rate,0.2362,
L2 miss rate,0.0020,
L2 miss ratio,0.0083,
