--------------------------------------------------------------------------------
CPU name:	Intel(R) Core(TM) i5-7500 CPU @ 3.40GHz
CPU type:	Intel Coffeelake processor
CPU clock:	3.41 GHz
--------------------------------------------------------------------------------
--------------------------------------------------------------------------------
STRUCT,Info,3
CPU name:,Intel(R) Core(TM) i5-7500 CPU @ 3.40GHz,
CPU type:,Intel Coffeelake processor,
CPU clock:,3.407983501 GHz,
TABLE,Region multMatVet_NAO_OTIM,Group 1 Raw,L2CACHE,5
Region Info,Core 3,
RDTSC Runtime [s],0.000017,
call count,1,
Event,Counter,Core 3
INSTR_RETIRED_ANY,FIXC0,103547
CPU_CLK_UNHALTED_CORE,FIXC1,73951
CPU_CLK_UNHALTED_REF,FIXC2,68586
L2_TRANS_ALL_REQUESTS,PMC0,10596
L2_RQSTS_MISS,PMC1,3727
TABLE,Region multMatVet_NAO_OTIM,Group 1 Metric,L2CACHE,7
Metric,Core 3,
Runtime (RDTSC) [s],1.662606e-05,
Runtime unhalted [s],2.169934e-05,
Clock [MHz],3674.5661,
CPI,0.7142,
L2 request rate,0.1023,
L2 miss rate,0.0360,
L2 miss ratio,0.3517,
STRUCT,Info,3
CPU name:,Intel(R) Core(TM) i5-7500 CPU @ 3.40GHz,
CPU type:,Intel Coffeelake processor,
CPU clock:,3.407983501 GHz,
TABLE,Region multMatMat_NAO_OTIM,Group 1 Raw,L2CACHE,5
Region Info,Core 3,
RDTSC Runtime [s],0.002227,
call count,1,
Event,Counter,Core 3
INSTR_RETIRED_ANY,FIXC0,14865190
CPU_CLK_UNHALTED_CORE,FIXC1,7995512
CPU_CLK_UNHALTED_REF,FIXC2,7385704
L2_TRANS_ALL_REQUESTS,PMC0,4792085
L2_RQSTS_MISS,PMC1,329418
TABLE,Region multMatMat_NAO_OTIM,Group 1 Metric,L2CACHE,7
Metric,Core 3,
Runtime (RDTSC) [s],0.0022,
Runtime unhalted [s],0.0023,
Clock [MHz],3689.3670,
CPI,0.5379,
L2 request rate,0.3224,
L2 miss rate,0.0222,
L2 miss ratio,0.0687,
