--------------------------------------------------------------------------------
CPU name:	Intel(R) Core(TM) i5-7500 CPU @ 3.40GHz
CPU type:	Intel Coffeelake processor
CPU clock:	3.41 GHz
--------------------------------------------------------------------------------
--------------------------------------------------------------------------------
STRUCT,Info,3
CPU name:,Intel(R) Core(TM) i5-7500 CPU @ 3.40GHz,
CPU type:,Intel Coffeelake processor,
CPU clock:,3.408007327 GHz,
TABLE,Region multMatVet_NAO_OTIM,Group 1 Raw,L2CACHE,5
Region Info,Core 3,
RDTSC Runtime [s],0.000015,
call count,1,
Event,Counter,Core 3
INSTR_RETIRED_ANY,FIXC0,103547
CPU_CLK_UNHALTED_CORE,FIXC1,69139
CPU_CLK_UNHALTED_REF,FIXC2,61912
L2_TRANS_ALL_REQUESTS,PMC0,10340
L2_RQSTS_MISS,PMC1,3760
TABLE,Region multMatVet_NAO_OTIM,Group 1 Metric,L2CACHE,7
Metric,Core 3,
Runtime (RDTSC) [s],1.517063e-05,
Runtime unhalted [s],2.028722e-05,
Clock [MHz],3805.8247,
CPI,0.6677,
L2 request rate,0.0999,
L2 miss rate,0.0363,
L2 miss ratio,0.3636,
STRUCT,Info,3
CPU name:,Intel(R) Core(TM) i5-7500 CPU @ 3.40GHz,
CPU type:,Intel Coffeelake processor,
CPU clock:,3.408007327 GHz,
TABLE,Region multMatVet_COM_OTIM,Group 1 Raw,L2CACHE,5
Region Info,Core 3,
RDTSC Runtime [s],0.000010,
call count,1,
Event,Counter,Core 3
INSTR_RETIRED_ANY,FIXC0,86119
CPU_CLK_UNHALTED_CORE,FIXC1,48775
CPU_CLK_UNHALTED_REF,FIXC2,43736
L2_TRANS_ALL_REQUESTS,PMC0,9487
L2_RQSTS_MISS,PMC1,2551
TABLE,Region multMatVet_COM_OTIM,Group 1 Metric,L2CACHE,7
Metric,Core 3,
Runtime (RDTSC) [s],1.029490e-05,
Runtime unhalted [s],1.431188e-05,
Clock [MHz],3800.6575,
CPI,0.5664,
L2 request rate,0.1102,
L2 miss rate,0.0296,
L2 miss ratio,0.2689,
STRUCT,Info,3
CPU name:,Intel(R) Core(TM) i5-7500 CPU @ 3.40GHz,
CPU type:,Intel Coffeelake processor,
CPU clock:,3.408007327 GHz,
TABLE,Region multMatMat_NAO_OTIM,Group 1 Raw,L2CACHE,5
Region Info,Core 3,
RDTSC Runtime [s],0.001897,
call count,1,
Event,Counter,Core 3
INSTR_RETIRED_ANY,FIXC0,14865180
CPU_CLK_UNHALTED_CORE,FIXC1,7201695
CPU_CLK_UNHALTED_REF,FIXC2,6474064
L2_TRANS_ALL_REQUESTS,PMC0,3197899
L2_RQSTS_MISS,PMC1,33354
TABLE,Region multMatMat_NAO_OTIM,Group 1 Metric,L2CACHE,7
Metric,Core 3,
Runtime (RDTSC) [s],0.0019,
Runtime unhalted [s],0.0021,
Clock [MHz],3791.0390,
CPI,0.4845,
L2 request rate,0.2151,
L2 miss rate,0.0022,
L2 miss ratio,0.0104,
STRUCT,Info,3
CPU name:,Intel(R) Core(TM) i5-7500 CPU @ 3.40GHz,
CPU type:,Intel Coffeelake processor,
CPU clock:,3.408007327 GHz,
TABLE,Region multMatMat_COM_OTIM,Group 1 Raw,L2CACHE,5
Region Info,Core 3,
RDTSC Runtime [s],0.001897,
call count,1,
Event,Counter,Core 3
INSTR_RETIRED_ANY,FIXC0,14865180
CPU_CLK_UNHALTED_CORE,FIXC1,7200703
CPU_CLK_UNHALTED_REF,FIXC2,6473070
L2_TRANS_ALL_REQUESTS,PMC0,3285917
L2_RQSTS_MISS,PMC1,32374
TABLE,Region multMatMat_COM_OTIM,Group 1 Metric,L2CACHE,7
Metric,Core 3,
Runtime (RDTSC) [s],0.0019,
Runtime unhalted [s],0.0021,
Clock [MHz],3791.0989,
CPI,0.4844,
L2 request rate,0.2210,
L2 miss rate,0.0022,
L2 miss ratio,0.0099,
