--------------------------------------------------------------------------------
CPU name:	Intel(R) Core(TM) i5-7500 CPU @ 3.40GHz
CPU type:	Intel Coffeelake processor
CPU clock:	3.41 GHz
--------------------------------------------------------------------------------
--------------------------------------------------------------------------------
STRUCT,Info,3
CPU name:,Intel(R) Core(TM) i5-7500 CPU @ 3.40GHz,
CPU type:,Intel Coffeelake processor,
CPU clock:,3.407966651 GHz,
TABLE,Region multMatVet_NAO_OTIM,Group 1 Raw,L3,5
Region Info,Core 3,
RDTSC Runtime [s],0.000015,
call count,1,
Event,Counter,Core 3
INSTR_RETIRED_ANY,FIXC0,103547
CPU_CLK_UNHALTED_CORE,FIXC1,70330
CPU_CLK_UNHALTED_REF,FIXC2,63048
L2_LINES_IN_ALL,PMC0,3045
L2_TRANS_L2_WB,PMC1,461
TABLE,Region multMatVet_NAO_OTIM,Group 1 Metric,L3,10
Metric,Core 3,
Runtime (RDTSC) [s],1.546000e-05,
Runtime unhalted [s],2.063694e-05,
Clock [MHz],3801.5844,
CPI,0.6792,
L3 load bandwidth [MBytes/s],12605.4334,
L3 load data volume [GBytes],0.0002,
L3 evict bandwidth [MBytes/s],1908.4088,
L3 evict data volume [GBytes],2.950400e-05,
L3 bandwidth [MBytes/s],14513.8422,
L3 data volume [GBytes],0.0002,
STRUCT,Info,3
CPU name:,Intel(R) Core(TM) i5-7500 CPU @ 3.40GHz,
CPU type:,Intel Coffeelake processor,
CPU clock:,3.407966651 GHz,
TABLE,Region multMatMat_NAO_OTIM,Group 1 Raw,L3,5
Region Info,Core 3,
RDTSC Runtime [s],0.002063,
call count,1,
Event,Counter,Core 3
INSTR_RETIRED_ANY,FIXC0,14865180
CPU_CLK_UNHALTED_CORE,FIXC1,7719177
CPU_CLK_UNHALTED_REF,FIXC2,6955018
L2_LINES_IN_ALL,PMC0,700146
L2_TRANS_L2_WB,PMC1,12229
TABLE,Region multMatMat_NAO_OTIM,Group 1 Metric,L3,10
Metric,Core 3,
Runtime (RDTSC) [s],0.0021,
Runtime unhalted [s],0.0023,
Clock [MHz],3782.4054,
CPI,0.5193,
L3 load bandwidth [MBytes/s],21718.6557,
L3 load data volume [GBytes],0.0448,
L3 evict bandwidth [MBytes/s],379.3458,
L3 evict data volume [GBytes],0.0008,
L3 bandwidth [MBytes/s],22098.0015,
L3 data volume [GBytes],0.0456,
