--------------------------------------------------------------------------------
CPU name:	Intel(R) Core(TM) i5-7500 CPU @ 3.40GHz
CPU type:	Intel Coffeelake processor
CPU clock:	3.41 GHz
--------------------------------------------------------------------------------
--------------------------------------------------------------------------------
STRUCT,Info,3
CPU name:,Intel(R) Core(TM) i5-7500 CPU @ 3.40GHz,
CPU type:,Intel Coffeelake processor,
CPU clock:,3.408034464 GHz,
TABLE,Region multMatVet_NAO_OTIM,Group 1 Raw,L3,5
Region Info,Core 3,
RDTSC Runtime [s],0.000016,
call count,1,
Event,Counter,Core 3
INSTR_RETIRED_ANY,FIXC0,103547
CPU_CLK_UNHALTED_CORE,FIXC1,72344
CPU_CLK_UNHALTED_REF,FIXC2,66598
L2_LINES_IN_ALL,PMC0,3016
L2_TRANS_L2_WB,PMC1,594
TABLE,Region multMatVet_NAO_OTIM,Group 1 Metric,L3,10
Metric,Core 3,
Runtime (RDTSC) [s],1.585671e-05,
Runtime unhalted [s],2.122748e-05,
Clock [MHz],3702.0758,
CPI,0.6987,
L3 load bandwidth [MBytes/s],12173.0170,
L3 load data volume [GBytes],0.0002,
L3 evict bandwidth [MBytes/s],2397.4708,
L3 evict data volume [GBytes],3.801600e-05,
L3 bandwidth [MBytes/s],14570.4878,
L3 data volume [GBytes],0.0002,
STRUCT,Info,3
CPU name:,Intel(R) Core(TM) i5-7500 CPU @ 3.40GHz,
CPU type:,Intel Coffeelake processor,
CPU clock:,3.408034464 GHz,
TABLE,Region multMatMat_NAO_OTIM,Group 1 Raw,L3,5
Region Info,Core 3,
RDTSC Runtime [s],0.002126,
call count,1,
Event,Counter,Core 3
INSTR_RETIRED_ANY,FIXC0,14865180
CPU_CLK_UNHALTED_CORE,FIXC1,7673043
CPU_CLK_UNHALTED_REF,FIXC2,7085658
L2_LINES_IN_ALL,PMC0,656173
L2_TRANS_L2_WB,PMC1,21535
TABLE,Region multMatMat_NAO_OTIM,Group 1 Metric,L3,10
Metric,Core 3,
Runtime (RDTSC) [s],0.0021,
Runtime unhalted [s],0.0023,
Clock [MHz],3690.5528,
CPI,0.5162,
L3 load bandwidth [MBytes/s],19749.9978,
L3 load data volume [GBytes],0.0420,
L3 evict bandwidth [MBytes/s],648.1769,
L3 evict data volume [GBytes],0.0014,
L3 bandwidth [MBytes/s],20398.1747,
L3 data volume [GBytes],0.0434,
