--------------------------------------------------------------------------------
CPU name:	Intel(R) Core(TM) i5-7500 CPU @ 3.40GHz
CPU type:	Intel Coffeelake processor
CPU clock:	3.41 GHz
--------------------------------------------------------------------------------
--------------------------------------------------------------------------------
STRUCT,Info,3
CPU name:,Intel(R) Core(TM) i5-7500 CPU @ 3.40GHz,
CPU type:,Intel Coffeelake processor,
CPU clock:,3.408007715 GHz,
TABLE,Region multMatVet_NAO_OTIM,Group 1 Raw,L3,5
Region Info,Core 3,
RDTSC Runtime [s],0.000015,
call count,1,
Event,Counter,Core 3
INSTR_RETIRED_ANY,FIXC0,103547
CPU_CLK_UNHALTED_CORE,FIXC1,70110
CPU_CLK_UNHALTED_REF,FIXC2,62622
L2_LINES_IN_ALL,PMC0,3097
L2_TRANS_L2_WB,PMC1,328
TABLE,Region multMatVet_NAO_OTIM,Group 1 Metric,L3,10
Metric,Core 3,
Runtime (RDTSC) [s],1.519249e-05,
Runtime unhalted [s],2.057214e-05,
Clock [MHz],3815.5188,
CPI,0.6771,
L3 load bandwidth [MBytes/s],13046.4460,
L3 load data volume [GBytes],0.0002,
L3 evict bandwidth [MBytes/s],1381.7353,
L3 evict data volume [GBytes],2.099200e-05,
L3 bandwidth [MBytes/s],14428.1813,
L3 data volume [GBytes],0.0002,
STRUCT,Info,3
CPU name:,Intel(R) Core(TM) i5-7500 CPU @ 3.40GHz,
CPU type:,Intel Coffeelake processor,
CPU clock:,3.408007715 GHz,
TABLE,Region multMatVet_COM_OTIM,Group 1 Raw,L3,5
Region Info,Core 3,
RDTSC Runtime [s],0.000010,
call count,1,
Event,Counter,Core 3
INSTR_RETIRED_ANY,FIXC0,86115
CPU_CLK_UNHALTED_CORE,FIXC1,48773
CPU_CLK_UNHALTED_REF,FIXC2,43594
L2_LINES_IN_ALL,PMC0,2430
L2_TRANS_L2_WB,PMC1,215
TABLE,Region multMatVet_COM_OTIM,Group 1 Metric,L3,10
Metric,Core 3,
Runtime (RDTSC) [s],1.043368e-05,
Runtime unhalted [s],1.431129e-05,
Clock [MHz],3812.8816,
CPI,0.5664,
L3 load bandwidth [MBytes/s],14905.5750,
L3 load data volume [GBytes],0.0002,
L3 evict bandwidth [MBytes/s],1318.8060,
L3 evict data volume [GBytes],1.376000e-05,
L3 bandwidth [MBytes/s],16224.3810,
L3 data volume [GBytes],0.0002,
STRUCT,Info,3
CPU name:,Intel(R) Core(TM) i5-7500 CPU @ 3.40GHz,
CPU type:,Intel Coffeelake processor,
CPU clock:,3.408007715 GHz,
TABLE,Region multMatMat_NAO_OTIM,Group 1 Raw,L3,5
Region Info,Core 3,
RDTSC Runtime [s],0.002042,
call count,1,
Event,Counter,Core 3
INSTR_RETIRED_ANY,FIXC0,14865200
CPU_CLK_UNHALTED_CORE,FIXC1,7616584
CPU_CLK_UNHALTED_REF,FIXC2,6848660
L2_LINES_IN_ALL,PMC0,664665
L2_TRANS_L2_WB,PMC1,1294
TABLE,Region multMatMat_NAO_OTIM,Group 1 Metric,L3,10
Metric,Core 3,
Runtime (RDTSC) [s],0.0020,
Runtime unhalted [s],0.0022,
Clock [MHz],3790.1395,
CPI,0.5124,
L3 load bandwidth [MBytes/s],20831.3325,
L3 load data volume [GBytes],0.0425,
L3 evict bandwidth [MBytes/s],40.5554,
L3 evict data volume [GBytes],0.0001,
L3 bandwidth [MBytes/s],20871.8879,
L3 data volume [GBytes],0.0426,
STRUCT,Info,3
CPU name:,Intel(R) Core(TM) i5-7500 CPU @ 3.40GHz,
CPU type:,Intel Coffeelake processor,
CPU clock:,3.408007715 GHz,
TABLE,Region multMatMat_COM_OTIM,Group 1 Raw,L3,5
Region Info,Core 3,
RDTSC Runtime [s],0.002031,
call count,1,
Event,Counter,Core 3
INSTR_RETIRED_ANY,FIXC0,14865180
CPU_CLK_UNHALTED_CORE,FIXC1,7617654
CPU_CLK_UNHALTED_REF,FIXC2,6848802
L2_LINES_IN_ALL,PMC0,664007
L2_TRANS_L2_WB,PMC1,1200
TABLE,Region multMatMat_COM_OTIM,Group 1 Metric,L3,10
Metric,Core 3,
Runtime (RDTSC) [s],0.0020,
Runtime unhalted [s],0.0022,
Clock [MHz],3790.5934,
CPI,0.5124,
L3 load bandwidth [MBytes/s],20928.3138,
L3 load data volume [GBytes],0.0425,
L3 evict bandwidth [MBytes/s],37.8219,
L3 evict data volume [GBytes],0.0001,
L3 bandwidth [MBytes/s],20966.1357,
L3 data volume [GBytes],0.0426,
