--------------------------------------------------------------------------------
CPU name:	Intel(R) Core(TM) i5-7500 CPU @ 3.40GHz
CPU type:	Intel Coffeelake processor
CPU clock:	3.41 GHz
--------------------------------------------------------------------------------
--------------------------------------------------------------------------------
STRUCT,Info,3
CPU name:,Intel(R) Core(TM) i5-7500 CPU @ 3.40GHz,
CPU type:,Intel Coffeelake processor,
CPU clock:,3.407912999 GHz,
TABLE,Region multMatVet_NAO_OTIM,Group 1 Raw,L3,5
Region Info,Core 3,
RDTSC Runtime [s],0.000015,
call count,1,
Event,Counter,Core 3
INSTR_RETIRED_ANY,FIXC0,103547
CPU_CLK_UNHALTED_CORE,FIXC1,71272
CPU_CLK_UNHALTED_REF,FIXC2,64042
L2_LINES_IN_ALL,PMC0,3065
L2_TRANS_L2_WB,PMC1,323
TABLE,Region multMatVet_NAO_OTIM,Group 1 Metric,L3,10
Metric,Core 3,
Runtime (RDTSC) [s],1.502742e-05,
Runtime unhalted [s],2.091368e-05,
Clock [MHz],3792.6482,
CPI,0.6883,
L3 load bandwidth [MBytes/s],13053.4716,
L3 load data volume [GBytes],0.0002,
L3 evict bandwidth [MBytes/s],1375.6187,
L3 evict data volume [GBytes],2.067200e-05,
L3 bandwidth [MBytes/s],14429.0903,
L3 data volume [GBytes],0.0002,
STRUCT,Info,3
CPU name:,Intel(R) Core(TM) i5-7500 CPU @ 3.40GHz,
CPU type:,Intel Coffeelake processor,
CPU clock:,3.407912999 GHz,
TABLE,Region multMatVet_COM_OTIM,Group 1 Raw,L3,5
Region Info,Core 3,
RDTSC Runtime [s],0.000010,
call count,1,
Event,Counter,Core 3
INSTR_RETIRED_ANY,FIXC0,86115
CPU_CLK_UNHALTED_CORE,FIXC1,48825
CPU_CLK_UNHALTED_REF,FIXC2,44162
L2_LINES_IN_ALL,PMC0,2311
L2_TRANS_L2_WB,PMC1,212
TABLE,Region multMatVet_COM_OTIM,Group 1 Metric,L3,10
Metric,Core 3,
Runtime (RDTSC) [s],1.036121e-05,
Runtime unhalted [s],1.432695e-05,
Clock [MHz],3767.7495,
CPI,0.5670,
L3 load bandwidth [MBytes/s],14274.7806,
L3 load data volume [GBytes],0.0001,
L3 evict bandwidth [MBytes/s],1309.4996,
L3 evict data volume [GBytes],1.356800e-05,
L3 bandwidth [MBytes/s],15584.2802,
L3 data volume [GBytes],0.0002,
STRUCT,Info,3
CPU name:,Intel(R) Core(TM) i5-7500 CPU @ 3.40GHz,
CPU type:,Intel Coffeelake processor,
CPU clock:,3.407912999 GHz,
TABLE,Region multMatMat_NAO_OTIM,Group 1 Raw,L3,5
Region Info,Core 3,
RDTSC Runtime [s],0.001902,
call count,1,
Event,Counter,Core 3
INSTR_RETIRED_ANY,FIXC0,14865200
CPU_CLK_UNHALTED_CORE,FIXC1,7222663
CPU_CLK_UNHALTED_REF,FIXC2,6492382
L2_LINES_IN_ALL,PMC0,286357
L2_TRANS_L2_WB,PMC1,1534
TABLE,Region multMatMat_NAO_OTIM,Group 1 Metric,L3,10
Metric,Core 3,
Runtime (RDTSC) [s],0.0019,
Runtime unhalted [s],0.0021,
Clock [MHz],3791.2444,
CPI,0.4859,
L3 load bandwidth [MBytes/s],9633.8041,
L3 load data volume [GBytes],0.0183,
L3 evict bandwidth [MBytes/s],51.6078,
L3 evict data volume [GBytes],0.0001,
L3 bandwidth [MBytes/s],9685.4119,
L3 data volume [GBytes],0.0184,
STRUCT,Info,3
CPU name:,Intel(R) Core(TM) i5-7500 CPU @ 3.40GHz,
CPU type:,Intel Coffeelake processor,
CPU clock:,3.407912999 GHz,
TABLE,Region multMatMat_COM_OTIM,Group 1 Raw,L3,5
Region Info,Core 3,
RDTSC Runtime [s],0.001954,
call count,1,
Event,Counter,Core 3
INSTR_RETIRED_ANY,FIXC0,14865180
CPU_CLK_UNHALTED_CORE,FIXC1,7248964
CPU_CLK_UNHALTED_REF,FIXC2,6520072
L2_LINES_IN_ALL,PMC0,309834
L2_TRANS_L2_WB,PMC1,1309
TABLE,Region multMatMat_COM_OTIM,Group 1 Metric,L3,10
Metric,Core 3,
Runtime (RDTSC) [s],0.0020,
Runtime unhalted [s],0.0021,
Clock [MHz],3788.8905,
CPI,0.4876,
L3 load bandwidth [MBytes/s],10147.6787,
L3 load data volume [GBytes],0.0198,
L3 evict bandwidth [MBytes/s],42.8723,
L3 evict data volume [GBytes],0.0001,
L3 bandwidth [MBytes/s],10190.5511,
L3 data volume [GBytes],0.0199,
