--------------------------------------------------------------------------------
CPU name:	Intel(R) Core(TM) i5-7500 CPU @ 3.40GHz
CPU type:	Intel Coffeelake processor
CPU clock:	3.41 GHz
--------------------------------------------------------------------------------
--------------------------------------------------------------------------------
STRUCT,Info,3
CPU name:,Intel(R) Core(TM) i5-7500 CPU @ 3.40GHz,
CPU type:,Intel Coffeelake processor,
CPU clock:,3.407507991 GHz,
TABLE,Region multMatVet_NAO_OTIM,Group 1 Raw,L3,5
Region Info,Core 3,
RDTSC Runtime [s],0.000015,
call count,1,
Event,Counter,Core 3
INSTR_RETIRED_ANY,FIXC0,103547
CPU_CLK_UNHALTED_CORE,FIXC1,70004
CPU_CLK_UNHALTED_REF,FIXC2,63332
L2_LINES_IN_ALL,PMC0,3010
L2_TRANS_L2_WB,PMC1,358
TABLE,Region multMatVet_NAO_OTIM,Group 1 Metric,L3,10
Metric,Core 3,
Runtime (RDTSC) [s],1.547359e-05,
Runtime unhalted [s],2.054405e-05,
Clock [MHz],3766.4875,
CPI,0.6761,
L3 load bandwidth [MBytes/s],12449.5996,
L3 load data volume [GBytes],0.0002,
L3 evict bandwidth [MBytes/s],1480.7165,
L3 evict data volume [GBytes],2.291200e-05,
L3 bandwidth [MBytes/s],13930.3161,
L3 data volume [GBytes],0.0002,
STRUCT,Info,3
CPU name:,Intel(R) Core(TM) i5-7500 CPU @ 3.40GHz,
CPU type:,Intel Coffeelake processor,
CPU clock:,3.407507991 GHz,
TABLE,Region multMatVet_COM_OTIM,Group 1 Raw,L3,5
Region Info,Core 3,
RDTSC Runtime [s],0.000010,
call count,1,
Event,Counter,Core 3
INSTR_RETIRED_ANY,FIXC0,86115
CPU_CLK_UNHALTED_CORE,FIXC1,49024
CPU_CLK_UNHALTED_REF,FIXC2,44020
L2_LINES_IN_ALL,PMC0,2341
L2_TRANS_L2_WB,PMC1,191
TABLE,Region multMatVet_COM_OTIM,Group 1 Metric,L3,10
Metric,Core 3,
Runtime (RDTSC) [s],1.042547e-05,
Runtime unhalted [s],1.438705e-05,
Clock [MHz],3794.8585,
CPI,0.5693,
L3 load bandwidth [MBytes/s],14370.9588,
L3 load data volume [GBytes],0.0001,
L3 evict bandwidth [MBytes/s],1172.5131,
L3 evict data volume [GBytes],1.222400e-05,
L3 bandwidth [MBytes/s],15543.4719,
L3 data volume [GBytes],0.0002,
STRUCT,Info,3
CPU name:,Intel(R) Core(TM) i5-7500 CPU @ 3.40GHz,
CPU type:,Intel Coffeelake processor,
CPU clock:,3.407507991 GHz,
TABLE,Region multMatMat_NAO_OTIM,Group 1 Raw,L3,5
Region Info,Core 3,
RDTSC Runtime [s],0.001895,
call count,1,
Event,Counter,Core 3
INSTR_RETIRED_ANY,FIXC0,14865200
CPU_CLK_UNHALTED_CORE,FIXC1,7195420
CPU_CLK_UNHALTED_REF,FIXC2,6468100
L2_LINES_IN_ALL,PMC0,7157
L2_TRANS_L2_WB,PMC1,1724
TABLE,Region multMatMat_NAO_OTIM,Group 1 Metric,L3,10
Metric,Core 3,
Runtime (RDTSC) [s],0.0019,
Runtime unhalted [s],0.0021,
Clock [MHz],3790.6729,
CPI,0.4840,
L3 load bandwidth [MBytes/s],241.6644,
L3 load data volume [GBytes],0.0005,
L3 evict bandwidth [MBytes/s],58.2129,
L3 evict data volume [GBytes],0.0001,
L3 bandwidth [MBytes/s],299.8772,
L3 data volume [GBytes],0.0006,
STRUCT,Info,3
CPU name:,Intel(R) Core(TM) i5-7500 CPU @ 3.40GHz,
CPU type:,Intel Coffeelake processor,
CPU clock:,3.407507991 GHz,
TABLE,Region multMatMat_COM_OTIM,Group 1 Raw,L3,5
Region Info,Core 3,
RDTSC Runtime [s],0.001897,
call count,1,
Event,Counter,Core 3
INSTR_RETIRED_ANY,FIXC0,14865180
CPU_CLK_UNHALTED_CORE,FIXC1,7201010
CPU_CLK_UNHALTED_REF,FIXC2,6473212
L2_LINES_IN_ALL,PMC0,7074
L2_TRANS_L2_WB,PMC1,1729
TABLE,Region multMatMat_COM_OTIM,Group 1 Metric,L3,10
Metric,Core 3,
Runtime (RDTSC) [s],0.0019,
Runtime unhalted [s],0.0021,
Clock [MHz],3790.6219,
CPI,0.4844,
L3 load bandwidth [MBytes/s],238.6690,
L3 load data volume [GBytes],0.0005,
L3 evict bandwidth [MBytes/s],58.3346,
L3 evict data volume [GBytes],0.0001,
L3 bandwidth [MBytes/s],297.0036,
L3 data volume [GBytes],0.0006,
