--------------------------------------------------------------------------------
CPU name:	Intel(R) Core(TM) i5-7500 CPU @ 3.40GHz
CPU type:	Intel Coffeelake processor
CPU clock:	3.41 GHz
--------------------------------------------------------------------------------
--------------------------------------------------------------------------------
STRUCT,Info,3
CPU name:,Intel(R) Core(TM) i5-7500 CPU @ 3.40GHz,
CPU type:,Intel Coffeelake processor,
CPU clock:,3.408004717 GHz,
TABLE,Region multMatVet_NAO_OTIM,Group 1 Raw,L3,5
Region Info,Core 3,
RDTSC Runtime [s],0.000015,
call count,1,
Event,Counter,Core 3
INSTR_RETIRED_ANY,FIXC0,103547
CPU_CLK_UNHALTED_CORE,FIXC1,70326
CPU_CLK_UNHALTED_REF,FIXC2,63048
L2_LINES_IN_ALL,PMC0,3082
L2_TRANS_L2_WB,PMC1,450
TABLE,Region multMatVet_NAO_OTIM,Group 1 Metric,L3,10
Metric,Core 3,
Runtime (RDTSC) [s],1.525467e-05,
Runtime unhalted [s],2.063553e-05,
Clock [MHz],3801.4107,
CPI,0.6792,
L3 load bandwidth [MBytes/s],12930.3354,
L3 load data volume [GBytes],0.0002,
L3 evict bandwidth [MBytes/s],1887.9464,
L3 evict data volume [GBytes],2.880000e-05,
L3 bandwidth [MBytes/s],14818.2819,
L3 data volume [GBytes],0.0002,
STRUCT,Info,3
CPU name:,Intel(R) Core(TM) i5-7500 CPU @ 3.40GHz,
CPU type:,Intel Coffeelake processor,
CPU clock:,3.408004717 GHz,
TABLE,Region multMatVet_COM_OTIM,Group 1 Raw,L3,5
Region Info,Core 3,
RDTSC Runtime [s],0.000010,
call count,1,
Event,Counter,Core 3
INSTR_RETIRED_ANY,FIXC0,86115
CPU_CLK_UNHALTED_CORE,FIXC1,49003
CPU_CLK_UNHALTED_REF,FIXC2,43878
L2_LINES_IN_ALL,PMC0,2397
L2_TRANS_L2_WB,PMC1,242
TABLE,Region multMatVet_COM_OTIM,Group 1 Metric,L3,10
Metric,Core 3,
Runtime (RDTSC) [s],1.036912e-05,
Runtime unhalted [s],1.437879e-05,
Clock [MHz],3806.0635,
CPI,0.5690,
L3 load bandwidth [MBytes/s],14794.6981,
L3 load data volume [GBytes],0.0002,
L3 evict bandwidth [MBytes/s],1493.6658,
L3 evict data volume [GBytes],1.548800e-05,
L3 bandwidth [MBytes/s],16288.3639,
L3 data volume [GBytes],0.0002,
STRUCT,Info,3
CPU name:,Intel(R) Core(TM) i5-7500 CPU @ 3.40GHz,
CPU type:,Intel Coffeelake processor,
CPU clock:,3.408004717 GHz,
TABLE,Region multMatMat_NAO_OTIM,Group 1 Raw,L3,5
Region Info,Core 3,
RDTSC Runtime [s],0.001898,
call count,1,
Event,Counter,Core 3
INSTR_RETIRED_ANY,FIXC0,14865200
CPU_CLK_UNHALTED_CORE,FIXC1,7205324
CPU_CLK_UNHALTED_REF,FIXC2,6477188
L2_LINES_IN_ALL,PMC0,14906
L2_TRANS_L2_WB,PMC1,1851
TABLE,Region multMatMat_NAO_OTIM,Group 1 Metric,L3,10
Metric,Core 3,
Runtime (RDTSC) [s],0.0019,
Runtime unhalted [s],0.0021,
Clock [MHz],3791.1171,
CPI,0.4847,
L3 load bandwidth [MBytes/s],502.7035,
L3 load data volume [GBytes],0.0010,
L3 evict bandwidth [MBytes/s],62.4248,
L3 evict data volume [GBytes],0.0001,
L3 bandwidth [MBytes/s],565.1283,
L3 data volume [GBytes],0.0011,
STRUCT,Info,3
CPU name:,Intel(R) Core(TM) i5-7500 CPU @ 3.40GHz,
CPU type:,Intel Coffeelake processor,
CPU clock:,3.408004717 GHz,
TABLE,Region multMatMat_COM_OTIM,Group 1 Raw,L3,5
Region Info,Core 3,
RDTSC Runtime [s],0.001930,
call count,1,
Event,Counter,Core 3
INSTR_RETIRED_ANY,FIXC0,14865180
CPU_CLK_UNHALTED_CORE,FIXC1,7205241
CPU_CLK_UNHALTED_REF,FIXC2,6479034
L2_LINES_IN_ALL,PMC0,15679
L2_TRANS_L2_WB,PMC1,1790
TABLE,Region multMatMat_COM_OTIM,Group 1 Metric,L3,10
Metric,Core 3,
Runtime (RDTSC) [s],0.0019,
Runtime unhalted [s],0.0021,
Clock [MHz],3789.9933,
CPI,0.4847,
L3 load bandwidth [MBytes/s],519.9413,
L3 load data volume [GBytes],0.0010,
L3 evict bandwidth [MBytes/s],59.3593,
L3 evict data volume [GBytes],0.0001,
L3 bandwidth [MBytes/s],579.3006,
L3 data volume [GBytes],0.0011,
