--------------------------------------------------------------------------------
CPU name:	Intel(R) Core(TM) i5-7500 CPU @ 3.40GHz
CPU type:	Intel Coffeelake processor
CPU clock:	3.41 GHz
--------------------------------------------------------------------------------
--------------------------------------------------------------------------------
STRUCT,Info,3
CPU name:,Intel(R) Core(TM) i5-7500 CPU @ 3.40GHz,
CPU type:,Intel Coffeelake processor,
CPU clock:,3.407589102 GHz,
TABLE,Region multMatVet_NAO_OTIM,Group 1 Raw,L3,5
Region Info,Core 3,
RDTSC Runtime [s],0.000016,
call count,1,
Event,Counter,Core 3
INSTR_RETIRED_ANY,FIXC0,103547
CPU_CLK_UNHALTED_CORE,FIXC1,69498
CPU_CLK_UNHALTED_REF,FIXC2,64184
L2_LINES_IN_ALL,PMC0,3026
L2_TRANS_L2_WB,PMC1,455
TABLE,Region multMatVet_NAO_OTIM,Group 1 Metric,L3,10
Metric,Core 3,
Runtime (RDTSC) [s],1.570560e-05,
Runtime unhalted [s],2.039506e-05,
Clock [MHz],3689.7144,
CPI,0.6712,
L3 load bandwidth [MBytes/s],12330.8883,
L3 load data volume [GBytes],0.0002,
L3 evict bandwidth [MBytes/s],1854.1157,
L3 evict data volume [GBytes],2.912000e-05,
L3 bandwidth [MBytes/s],14185.0041,
L3 data volume [GBytes],0.0002,
STRUCT,Info,3
CPU name:,Intel(R) Core(TM) i5-7500 CPU @ 3.40GHz,
CPU type:,Intel Coffeelake processor,
CPU clock:,3.407589102 GHz,
TABLE,Region multMatMat_NAO_OTIM,Group 1 Raw,L3,5
Region Info,Core 3,
RDTSC Runtime [s],0.002239,
call count,1,
Event,Counter,Core 3
INSTR_RETIRED_ANY,FIXC0,14865180
CPU_CLK_UNHALTED_CORE,FIXC1,7557986
CPU_CLK_UNHALTED_REF,FIXC2,6994920
L2_LINES_IN_ALL,PMC0,38792
L2_TRANS_L2_WB,PMC1,2205
TABLE,Region multMatMat_NAO_OTIM,Group 1 Metric,L3,10
Metric,Core 3,
Runtime (RDTSC) [s],0.0022,
Runtime unhalted [s],0.0022,
Clock [MHz],3681.8878,
CPI,0.5084,
L3 load bandwidth [MBytes/s],1108.6512,
L3 load data volume [GBytes],0.0025,
L3 evict bandwidth [MBytes/s],63.0175,
L3 evict data volume [GBytes],0.0001,
L3 bandwidth [MBytes/s],1171.6687,
L3 data volume [GBytes],0.0026,
